<?xml version="1.0" encoding="UTF-8"?>
<!-- Generated by org.testng.reporters.JUnitXMLReporter -->
<testsuite ignored="6" hostname="DESKTOP-UO2RFHB" failures="3" tests="12" name="Test" time="124.65" errors="0" timestamp="2022-06-12T15:45:40 IST">
  <testcase classname="com.ifieldsmartTC_login.LoginPositiveScenerio" name="initbrowser" time="7.66"/>
  <testcase classname="com.ifieldsmartTC_login.LoginPositiveScenerio" name="login" time="14.532"/>
  <testcase classname="com.ifieldsmartTC_login.loginUser1ProjectListTC001" name="initbrowser" time="7.575"/>
  <testcase classname="com.ifieldsmartTC_login.loginUser1ProjectListTC001" name="login" time="13.328"/>
  <testcase classname="com.ifieldsmartTC_login.loginUser1ProjectListTC001" name="projectCard1" time="0.433"/>
  <testcase classname="com.ifieldsmartTC_login.Rfi_ListTC001" name="initbrowser" time="5.13"/>
  <testcase classname="com.ifieldsmartTC_login.Rfi_ListTC001" name="login" time="13.165"/>
  <testcase classname="com.ifieldsmartTC_login.Rfi_ListTC001" name="rfiListCreate" time="21.601">
    <failure type="org.openqa.selenium.NoSuchElementException" message="Unable to find element with locator By.xpath: //i[@title=&amp;quot;Create RFI&amp;quot;]
For documentation on this error, please visit: https://selenium.dev/exceptions/#no_such_element
Build info: version: &amp;apos;4.1.4&amp;apos;, revision: &amp;apos;535d840ee2&amp;apos;
System info: host: &amp;apos;DESKTOP-UO2RFHB&amp;apos;, ip: &amp;apos;192.168.29.72&amp;apos;, os.name: &amp;apos;Windows 10&amp;apos;, os.arch: &amp;apos;amd64&amp;apos;, os.version: &amp;apos;10.0&amp;apos;, java.version: &amp;apos;18.0.1&amp;apos;
Driver info: driver.version: RemoteWebDriver">
      <![CDATA[org.openqa.selenium.NoSuchElementException: Unable to find element with locator By.xpath: //i[@title="Create RFI"]
For documentation on this error, please visit: https://selenium.dev/exceptions/#no_such_element
Build info: version: '4.1.4', revision: '535d840ee2'
System info: host: 'DESKTOP-UO2RFHB', ip: '192.168.29.72', os.name: 'Windows 10', os.arch: 'amd64', os.version: '10.0', java.version: '18.0.1'
Driver info: driver.version: RemoteWebDriver
at org.openqa.selenium.remote.ElementLocation$ElementFinder$2.findElement(ElementLocation.java:165)
at org.openqa.selenium.remote.ElementLocation.findElement(ElementLocation.java:60)
at org.openqa.selenium.remote.RemoteWebDriver.findElement(RemoteWebDriver.java:385)
at org.openqa.selenium.remote.RemoteWebDriver.findElement(RemoteWebDriver.java:377)
at com.ifieldsmart.repository.RfiListPage.createRFI_BtnClick(RfiListPage.java:21)
at com.ifieldsmartTC_login.Rfi_ListTC001.rfiListCreate(Rfi_ListTC001.java:48)
at java.base/java.util.ArrayList.forEach(ArrayList.java:1511)
... Removed 25 stack frames]]>
    </failure>
  </testcase> <!-- rfiListCreate -->
  <testcase classname="com.ifieldsmartTC_login.CreateNewRfi_TC001" name="initbrowser" time="7.33"/>
  <testcase classname="com.ifieldsmartTC_login.CreateNewRfi_TC001" name="login" time="11.53"/>
  <testcase classname="com.ifieldsmartTC_login.CreateNewRfi_TC001" name="rfiListCreate" time="10.227">
    <failure type="org.openqa.selenium.NoSuchElementException" message="Unable to find element with locator By.xpath: //i[@title=&amp;quot;Create RFI&amp;quot;]
For documentation on this error, please visit: https://selenium.dev/exceptions/#no_such_element
Build info: version: &amp;apos;4.1.4&amp;apos;, revision: &amp;apos;535d840ee2&amp;apos;
System info: host: &amp;apos;DESKTOP-UO2RFHB&amp;apos;, ip: &amp;apos;192.168.29.72&amp;apos;, os.name: &amp;apos;Windows 10&amp;apos;, os.arch: &amp;apos;amd64&amp;apos;, os.version: &amp;apos;10.0&amp;apos;, java.version: &amp;apos;18.0.1&amp;apos;
Driver info: driver.version: RemoteWebDriver">
      <![CDATA[org.openqa.selenium.NoSuchElementException: Unable to find element with locator By.xpath: //i[@title="Create RFI"]
For documentation on this error, please visit: https://selenium.dev/exceptions/#no_such_element
Build info: version: '4.1.4', revision: '535d840ee2'
System info: host: 'DESKTOP-UO2RFHB', ip: '192.168.29.72', os.name: 'Windows 10', os.arch: 'amd64', os.version: '10.0', java.version: '18.0.1'
Driver info: driver.version: RemoteWebDriver
at org.openqa.selenium.remote.ElementLocation$ElementFinder$2.findElement(ElementLocation.java:165)
at org.openqa.selenium.remote.ElementLocation.findElement(ElementLocation.java:60)
at org.openqa.selenium.remote.RemoteWebDriver.findElement(RemoteWebDriver.java:385)
at org.openqa.selenium.remote.RemoteWebDriver.findElement(RemoteWebDriver.java:377)
at com.ifieldsmart.repository.RfiListPage.createRFI_BtnClick(RfiListPage.java:21)
at com.ifieldsmartTC_login.CreateNewRfi_TC001.rfiListCreate(CreateNewRfi_TC001.java:47)
at java.base/java.util.ArrayList.forEach(ArrayList.java:1511)
... Removed 25 stack frames]]>
    </failure>
  </testcase> <!-- rfiListCreate -->
  <testcase classname="com.ifieldsmartTC_login.CreateNewRfi_TC001" name="createNewRfiForm" time="12.094">
    <failure type="org.openqa.selenium.WebDriverException" message="chrome not reachable
  (Session info: chrome=102.0.5005.115)
Build info: version: &amp;apos;4.1.4&amp;apos;, revision: &amp;apos;535d840ee2&amp;apos;
System info: host: &amp;apos;DESKTOP-UO2RFHB&amp;apos;, ip: &amp;apos;192.168.29.72&amp;apos;, os.name: &amp;apos;Windows 10&amp;apos;, os.arch: &amp;apos;amd64&amp;apos;, os.version: &amp;apos;10.0&amp;apos;, java.version: &amp;apos;18.0.1&amp;apos;
Driver info: org.openqa.selenium.chrome.ChromeDriver
Command: [29600fbb802867ce21a4859262a44178, findElement {using=xpath, value=//input[@ng-model=&amp;quot;RFIID&amp;quot;]}]
Capabilities {acceptInsecureCerts: false, browserName: chrome, browserVersion: 102.0.5005.115, chrome: {chromedriverVersion: 102.0.5005.61 (0e59bcc00cc4..., userDataDir: C:\Users\admin\AppData\Loca...}, goog:chromeOptions: {debuggerAddress: localhost:54779}, javascriptEnabled: true, networkConnectionEnabled: false, pageLoadStrategy: normal, platform: WINDOWS, platformName: WINDOWS, proxy: Proxy(), se:cdp: ws://localhost:54779/devtoo..., se:cdpVersion: 102.0.5005.115, setWindowRect: true, strictFileInteractability: false, timeouts: {implicit: 0, pageLoad: 300000, script: 30000}, unhandledPromptBehavior: dismiss and notify, webauthn:extension:credBlob: true, webauthn:extension:largeBlob: true, webauthn:virtualAuthenticators: true}
Session ID: 29600fbb802867ce21a4859262a44178">
      <![CDATA[org.openqa.selenium.WebDriverException: chrome not reachable
  (Session info: chrome=102.0.5005.115)
Build info: version: '4.1.4', revision: '535d840ee2'
System info: host: 'DESKTOP-UO2RFHB', ip: '192.168.29.72', os.name: 'Windows 10', os.arch: 'amd64', os.version: '10.0', java.version: '18.0.1'
Driver info: org.openqa.selenium.chrome.ChromeDriver
Command: [29600fbb802867ce21a4859262a44178, findElement {using=xpath, value=//input[@ng-model="RFIID"]}]
Capabilities {acceptInsecureCerts: false, browserName: chrome, browserVersion: 102.0.5005.115, chrome: {chromedriverVersion: 102.0.5005.61 (0e59bcc00cc4..., userDataDir: C:\Users\admin\AppData\Loca...}, goog:chromeOptions: {debuggerAddress: localhost:54779}, javascriptEnabled: true, networkConnectionEnabled: false, pageLoadStrategy: normal, platform: WINDOWS, platformName: WINDOWS, proxy: Proxy(), se:cdp: ws://localhost:54779/devtoo..., se:cdpVersion: 102.0.5005.115, setWindowRect: true, strictFileInteractability: false, timeouts: {implicit: 0, pageLoad: 300000, script: 30000}, unhandledPromptBehavior: dismiss and notify, webauthn:extension:credBlob: true, webauthn:extension:largeBlob: true, webauthn:virtualAuthenticators: true}
Session ID: 29600fbb802867ce21a4859262a44178
at org.openqa.selenium.remote.codec.w3c.W3CHttpResponseCodec.createException(W3CHttpResponseCodec.java:200)
at org.openqa.selenium.remote.codec.w3c.W3CHttpResponseCodec.decode(W3CHttpResponseCodec.java:133)
at org.openqa.selenium.remote.codec.w3c.W3CHttpResponseCodec.decode(W3CHttpResponseCodec.java:53)
at org.openqa.selenium.remote.HttpCommandExecutor.execute(HttpCommandExecutor.java:184)
at org.openqa.selenium.remote.service.DriverCommandExecutor.invokeExecute(DriverCommandExecutor.java:167)
at org.openqa.selenium.remote.service.DriverCommandExecutor.execute(DriverCommandExecutor.java:142)
at org.openqa.selenium.remote.RemoteWebDriver.execute(RemoteWebDriver.java:567)
at org.openqa.selenium.remote.ElementLocation$ElementFinder$2.findElement(ElementLocation.java:162)
at org.openqa.selenium.remote.ElementLocation.findElement(ElementLocation.java:60)
at org.openqa.selenium.remote.RemoteWebDriver.findElement(RemoteWebDriver.java:385)
at org.openqa.selenium.remote.RemoteWebDriver.findElement(RemoteWebDriver.java:377)
at com.ifieldsmart.repository.CreateNewRfiPage.rfiIDPlaceholderCheck(CreateNewRfiPage.java:42)
at com.ifieldsmartTC_login.CreateNewRfi_TC001.createNewRfiForm(CreateNewRfi_TC001.java:79)
at java.base/java.util.ArrayList.forEach(ArrayList.java:1511)
... Removed 28 stack frames]]>
    </failure>
  </testcase> <!-- createNewRfiForm -->
  <testcase classname="com.ifieldsmart.utility.Utility" name="@AfterSuite endreport" time="0.0">
    <ignored/>
  </testcase> <!-- @AfterSuite endreport -->
  <testcase classname="com.ifieldsmart.utility.Utility" name="@AfterSuite endreport" time="0.0">
    <ignored/>
  </testcase> <!-- @AfterSuite endreport -->
  <testcase classname="com.ifieldsmart.utility.Utility" name="@AfterSuite endreport" time="0.0">
    <ignored/>
  </testcase> <!-- @AfterSuite endreport -->
  <testcase classname="com.ifieldsmart.utility.Utility" name="@BeforeSuite initreport" time="0.0">
    <ignored/>
  </testcase> <!-- @BeforeSuite initreport -->
  <testcase classname="com.ifieldsmart.utility.Utility" name="@BeforeSuite initreport" time="0.0">
    <ignored/>
  </testcase> <!-- @BeforeSuite initreport -->
  <testcase classname="com.ifieldsmart.utility.Utility" name="@BeforeSuite initreport" time="0.0">
    <ignored/>
  </testcase> <!-- @BeforeSuite initreport -->
</testsuite> <!-- Test -->
